<?xml version="1.0" encoding="UTF-8"?>
<!-- Generated by org.testng.reporters.JUnitReportReporter -->
<testsuite skipped="0" hostname="DESKTOP-MPL4FM9" name="tests.TestMagentoApp" tests="2" failures="0" timestamp="02 Jan 2020 14:55:53 GMT" time="27.678" errors="0">
  <testcase name="LaunchBrowser" time="8.602" classname="tests.TestMagentoApp"/>
  <testcase name="VerifyPageTitle" time="19.076" classname="tests.TestMagentoApp"/>
</testsuite> <!-- tests.TestMagentoApp -->
